Command line invocation:
    /Applications/Xcode.app/Contents/Developer/usr/bin/xcodebuild -project LibraryApp.xcodeproj -scheme LibraryApp -sdk iphonesimulator build

Build settings from command line:
    SDKROOT = iphonesimulator26.2

ComputePackagePrebuildTargetDependencyGraph

Prepare packages

CreateBuildRequest

SendProjectDescription

CreateBuildOperation

ComputeTargetDependencyGraph
note: Building targets in dependency order
note: Target dependency graph (1 target)
    Target 'LibraryApp' in project 'LibraryApp' (no dependencies)

GatherProvisioningInputs

CreateBuildDescription

ExecuteExternalTool /Applications/Xcode.app/Contents/Developer/Toolchains/XcodeDefault.xctoolchain/usr/bin/clang -v -E -dM -isysroot /Applications/Xcode.app/Contents/Developer/Platforms/iPhoneSimulator.platform/Developer/SDKs/iPhoneSimulator26.2.sdk -x c -c /dev/null

ExecuteExternalTool /Applications/Xcode.app/Contents/Developer/usr/bin/actool --print-asset-tag-combinations --output-format xml1 /Users/cobsccomp242p-062/Documents/SmartLibrary-main/LibraryApp/Assets.xcassets

ExecuteExternalTool /Applications/Xcode.app/Contents/Developer/usr/bin/actool --version --output-format xml1

ExecuteExternalTool /Applications/Xcode.app/Contents/Developer/Toolchains/XcodeDefault.xctoolchain/usr/bin/swiftc --version

ExecuteExternalTool /Applications/Xcode.app/Contents/Developer/Toolchains/XcodeDefault.xctoolchain/usr/bin/ld -version_details

Build description signature: 752331757833dc0133493392aabac9d7
Build description path: /Users/cobsccomp242p-062/Library/Developer/Xcode/DerivedData/LibraryApp-bsizibajfjtbxphjgitxrnsulqtp/Build/Intermediates.noindex/XCBuildData/752331757833dc0133493392aabac9d7.xcbuilddata
ClangStatCache /Applications/Xcode.app/Contents/Developer/Toolchains/XcodeDefault.xctoolchain/usr/bin/clang-stat-cache /Applications/Xcode.app/Contents/Developer/Platforms/iPhoneSimulator.platform/Developer/SDKs/iPhoneSimulator26.2.sdk /Users/cobsccomp242p-062/Library/Developer/Xcode/DerivedData/SDKStatCaches.noindex/iphonesimulator26.2-23C53-7d00a8b37fbd7999ea79df8ebc024bf0.sdkstatcache
    cd /Users/cobsccomp242p-062/Documents/SmartLibrary-main/LibraryApp.xcodeproj
    /Applications/Xcode.app/Contents/Developer/Toolchains/XcodeDefault.xctoolchain/usr/bin/clang-stat-cache /Applications/Xcode.app/Contents/Developer/Platforms/iPhoneSimulator.platform/Developer/SDKs/iPhoneSimulator26.2.sdk -o /Users/cobsccomp242p-062/Library/Developer/Xcode/DerivedData/SDKStatCaches.noindex/iphonesimulator26.2-23C53-7d00a8b37fbd7999ea79df8ebc024bf0.sdkstatcache

ProcessInfoPlistFile /Users/cobsccomp242p-062/Library/Developer/Xcode/DerivedData/LibraryApp-bsizibajfjtbxphjgitxrnsulqtp/Build/Products/Debug-iphonesimulator/LibraryApp.app/Info.plist /Users/cobsccomp242p-062/Library/Developer/Xcode/DerivedData/LibraryApp-bsizibajfjtbxphjgitxrnsulqtp/Build/Intermediates.noindex/LibraryApp.build/Debug-iphonesimulator/LibraryApp.build/empty-LibraryApp.plist (in target 'LibraryApp' from project 'LibraryApp')
    cd /Users/cobsccomp242p-062/Documents/SmartLibrary-main
    builtin-infoPlistUtility /Users/cobsccomp242p-062/Library/Developer/Xcode/DerivedData/LibraryApp-bsizibajfjtbxphjgitxrnsulqtp/Build/Intermediates.noindex/LibraryApp.build/Debug-iphonesimulator/LibraryApp.build/empty-LibraryApp.plist -producttype com.apple.product-type.application -genpkginfo /Users/cobsccomp242p-062/Library/Developer/Xcode/DerivedData/LibraryApp-bsizibajfjtbxphjgitxrnsulqtp/Build/Products/Debug-iphonesimulator/LibraryApp.app/PkgInfo -expandbuildsettings -format binary -platform iphonesimulator -additionalcontentfile /Users/cobsccomp242p-062/Library/Developer/Xcode/DerivedData/LibraryApp-bsizibajfjtbxphjgitxrnsulqtp/Build/Intermediates.noindex/LibraryApp.build/Debug-iphonesimulator/LibraryApp.build/assetcatalog_generated_info.plist -o /Users/cobsccomp242p-062/Library/Developer/Xcode/DerivedData/LibraryApp-bsizibajfjtbxphjgitxrnsulqtp/Build/Products/Debug-iphonesimulator/LibraryApp.app/Info.plist

CopySwiftLibs /Users/cobsccomp242p-062/Library/Developer/Xcode/DerivedData/LibraryApp-bsizibajfjtbxphjgitxrnsulqtp/Build/Products/Debug-iphonesimulator/LibraryApp.app (in target 'LibraryApp' from project 'LibraryApp')
    cd /Users/cobsccomp242p-062/Documents/SmartLibrary-main
    builtin-swiftStdLibTool --copy --verbose --sign - --scan-executable /Users/cobsccomp242p-062/Library/Developer/Xcode/DerivedData/LibraryApp-bsizibajfjtbxphjgitxrnsulqtp/Build/Products/Debug-iphonesimulator/LibraryApp.app/LibraryApp.debug.dylib --scan-folder /Users/cobsccomp242p-062/Library/Developer/Xcode/DerivedData/LibraryApp-bsizibajfjtbxphjgitxrnsulqtp/Build/Products/Debug-iphonesimulator/LibraryApp.app/Frameworks --scan-folder /Users/cobsccomp242p-062/Library/Developer/Xcode/DerivedData/LibraryApp-bsizibajfjtbxphjgitxrnsulqtp/Build/Products/Debug-iphonesimulator/LibraryApp.app/PlugIns --scan-folder /Users/cobsccomp242p-062/Library/Developer/Xcode/DerivedData/LibraryApp-bsizibajfjtbxphjgitxrnsulqtp/Build/Products/Debug-iphonesimulator/LibraryApp.app/SystemExtensions --scan-folder /Users/cobsccomp242p-062/Library/Developer/Xcode/DerivedData/LibraryApp-bsizibajfjtbxphjgitxrnsulqtp/Build/Products/Debug-iphonesimulator/LibraryApp.app/Extensions --platform iphonesimulator --toolchain /Applications/Xcode.app/Contents/Developer/Toolchains/XcodeDefault.xctoolchain --destination /Users/cobsccomp242p-062/Library/Developer/Xcode/DerivedData/LibraryApp-bsizibajfjtbxphjgitxrnsulqtp/Build/Products/Debug-iphonesimulator/LibraryApp.app/Frameworks --strip-bitcode --strip-bitcode-tool /Applications/Xcode.app/Contents/Developer/Toolchains/XcodeDefault.xctoolchain/usr/bin/bitcode_strip --emit-dependency-info /Users/cobsccomp242p-062/Library/Developer/Xcode/DerivedData/LibraryApp-bsizibajfjtbxphjgitxrnsulqtp/Build/Intermediates.noindex/LibraryApp.build/Debug-iphonesimulator/LibraryApp.build/SwiftStdLibToolInputDependencies.dep --filter-for-swift-os

** BUILD SUCCEEDED **

